#
# There is insufficient memory for the Java Runtime Environment to continue.
# Native memory allocation (malloc) failed to allocate 1142576 bytes for Chunk::new
# Possible reasons:
#   The system is out of physical RAM or swap space
#   In 32 bit mode, the process size limit was hit
# Possible solutions:
#   Reduce memory load on the system
#   Increase physical memory or swap space
#   Check if swap backing store is full
#   Use 64 bit Java on a 64 bit OS
#   Decrease Java heap size (-Xmx/-Xms)
#   Decrease number of Java threads
#   Decrease Java thread stack sizes (-Xss)
#   Set larger code cache with -XX:ReservedCodeCacheSize=
# This output file may be truncated or incomplete.
#
#  Out of Memory Error (allocation.cpp:390), pid=5648, tid=4316
#
# JRE version: Java(TM) SE Runtime Environment (8.0_45-b15) (build 1.8.0_45-b15)
# Java VM: Java HotSpot(TM) 64-Bit Server VM (25.45-b02 mixed mode windows-amd64 compressed oops)
# Failed to write core dump. Minidumps are not enabled by default on client versions of Windows
#

---------------  T H R E A D  ---------------

Current thread (0x00000000164b1000):  JavaThread "C2 CompilerThread0" daemon [_thread_in_native, id=4316, stack(0x0000000017a20000,0x0000000017b20000)]

Stack: [0x0000000017a20000,0x0000000017b20000]
Native frames: (J=compiled Java code, j=interpreted, Vv=VM code, C=native code)
V  [jvm.dll+0x32b57a]
V  [jvm.dll+0x279873]
V  [jvm.dll+0x27a509]
V  [jvm.dll+0x271825]
V  [jvm.dll+0xcb9e2]
V  [jvm.dll+0xcbeac]
V  [jvm.dll+0x49298c]
V  [jvm.dll+0x45f6ff]
V  [jvm.dll+0x46a73b]
V  [jvm.dll+0x46cd52]
V  [jvm.dll+0x4500f2]
V  [jvm.dll+0xa4352]
V  [jvm.dll+0xa4c8f]
V  [jvm.dll+0x241984]
V  [jvm.dll+0x29853a]
C  [msvcr100.dll+0x21d9f]
C  [msvcr100.dll+0x21e3b]
C  [KERNEL32.DLL+0x16ad]
C  [ntdll.dll+0x74629]


Current CompileTask:
C2:6301902 24368       4       com.android.ide.common.res2.DataSet::appendToXml (354 bytes)


---------------  P R O C E S S  ---------------

Java Threads: ( => current thread )
  0x000000001b86e000 JavaThread "Forward streams with process: command 'F:\Programs\Android\sdk\build-tools\24.0.1\aapt.exe' Thread 3" [_thread_in_native, id=8960, stack(0x0000000025600000,0x0000000025700000)]
  0x000000001b871000 JavaThread "Forward streams with process: command 'F:\Programs\Android\sdk\build-tools\24.0.1\aapt.exe' Thread 2" [_thread_in_native, id=4116, stack(0x00000000242a0000,0x00000000243a0000)]
  0x000000001e501000 JavaThread "Forward streams with process: command 'F:\Programs\Android\sdk\build-tools\24.0.1\aapt.exe'" [_thread_blocked, id=4592, stack(0x00000000241a0000,0x00000000242a0000)]
  0x000000001e4ff800 JavaThread "Run command 'F:\Programs\Android\sdk\build-tools\24.0.1\aapt.exe'" [_thread_in_native, id=9280, stack(0x00000000235f0000,0x00000000236f0000)]
  0x000000001e500800 JavaThread "Thread-163" [_thread_blocked, id=4604, stack(0x0000000022230000,0x0000000022330000)]
  0x000000001e4ff000 JavaThread "pool-130-thread-1" [_thread_blocked, id=4952, stack(0x000000001f460000,0x000000001f560000)]
  0x000000001e4f3000 JavaThread "Stdin handler" [_thread_blocked, id=10128, stack(0x000000001acd0000,0x000000001add0000)]
  0x000000001e4f6000 JavaThread "Asynchronous log dispatcher for org.gradle.launcher.daemon.server.DefaultDaemonConnection@17087322" [_thread_blocked, id=4356, stack(0x000000001abd0000,0x000000001acd0000)]
  0x000000001e4f2000 JavaThread "Daemon worker Thread 13" [_thread_blocked, id=8652, stack(0x000000001a8d0000,0x000000001a9d0000)]
  0x000000001e4f4800 JavaThread "Cancel handler" [_thread_blocked, id=4284, stack(0x000000001a7d0000,0x000000001a8d0000)]
  0x000000001e4f5000 JavaThread "Handler for socket connection from /127.0.0.1:55152 to /127.0.0.1:60445" [_thread_in_native, id=4148, stack(0x000000001a6d0000,0x000000001a7d0000)]
  0x000000001e4f3800 JavaThread "Daemon Thread 13" [_thread_blocked, id=5304, stack(0x000000001a5d0000,0x000000001a6d0000)]
  0x000000001b86f800 JavaThread "pool-15-thread-4" [_thread_blocked, id=9800, stack(0x0000000025cf0000,0x0000000025df0000)]
  0x000000001b86c800 JavaThread "pool-15-thread-3" [_thread_blocked, id=1292, stack(0x0000000025bf0000,0x0000000025cf0000)]
  0x000000001b86e800 JavaThread "pool-15-thread-2" [_thread_blocked, id=4932, stack(0x0000000025af0000,0x0000000025bf0000)]
  0x000000001b86a000 JavaThread "pool-15-thread-1" [_thread_blocked, id=5536, stack(0x00000000259f0000,0x0000000025af0000)]
  0x00000000192f8000 JavaThread "File lock request listener" [_thread_in_native, id=9256, stack(0x000000001b1d0000,0x000000001b2d0000)]
  0x0000000018fec800 JavaThread "Incoming local TCP Connector on port 55152" [_thread_in_native, id=9244, stack(0x0000000019ed0000,0x0000000019fd0000)]
  0x000000001928a800 JavaThread "pool-1-thread-1" [_thread_blocked, id=1632, stack(0x0000000019dd0000,0x0000000019ed0000)]
  0x0000000017d50800 JavaThread "Service Thread" daemon [_thread_blocked, id=4720, stack(0x0000000018120000,0x0000000018220000)]
  0x00000000164ba000 JavaThread "C1 CompilerThread2" daemon [_thread_blocked, id=7324, stack(0x0000000017c20000,0x0000000017d20000)]
  0x00000000164b3000 JavaThread "C2 CompilerThread1" daemon [_thread_blocked, id=2540, stack(0x0000000017b20000,0x0000000017c20000)]
=>0x00000000164b1000 JavaThread "C2 CompilerThread0" daemon [_thread_in_native, id=4316, stack(0x0000000017a20000,0x0000000017b20000)]
  0x00000000164af800 JavaThread "Attach Listener" daemon [_thread_blocked, id=7780, stack(0x0000000017920000,0x0000000017a20000)]
  0x00000000164ae800 JavaThread "Signal Dispatcher" daemon [_thread_blocked, id=8776, stack(0x0000000017820000,0x0000000017920000)]
  0x0000000002b39000 JavaThread "Finalizer" daemon [_thread_blocked, id=8784, stack(0x0000000017720000,0x0000000017820000)]
  0x0000000002b30000 JavaThread "Reference Handler" daemon [_thread_blocked, id=5516, stack(0x0000000017620000,0x0000000017720000)]
  0x0000000002a42800 JavaThread "main" [_thread_blocked, id=6756, stack(0x0000000002840000,0x0000000002940000)]

Other Threads:
  0x0000000016477000 VMThread [stack: 0x0000000017520000,0x0000000017620000] [id=1296]
  0x0000000017d51800 WatcherThread [stack: 0x0000000018220000,0x0000000018320000] [id=6088]

VM state:not at safepoint (normal execution)

VM Mutex/Monitor currently owned by a thread: None

Heap:
 PSYoungGen      total 455680K, used 328935K [0x00000000e0000000, 0x00000000ff880000, 0x0000000100000000)
  eden space 397824K, 82% used [0x00000000e0000000,0x00000000f4139f70,0x00000000f8480000)
  from space 57856K, 0% used [0x00000000fc000000,0x00000000fc000000,0x00000000ff880000)
  to   space 59392K, 0% used [0x00000000f8480000,0x00000000f8480000,0x00000000fbe80000)
 ParOldGen       total 200192K, used 43566K [0x00000000a0000000, 0x00000000ac380000, 0x00000000e0000000)
  object space 200192K, 21% used [0x00000000a0000000,0x00000000a2a8b9e0,0x00000000ac380000)
 Metaspace       used 86135K, capacity 90728K, committed 91392K, reserved 1128448K
  class space    used 10947K, capacity 11547K, committed 12032K, reserved 1048576K

Card table byte_map: [0x0000000011f00000,0x0000000012210000] byte_map_base: 0x0000000011a00000

Marking Bits: (ParMarkBitMap*) 0x0000000053944040
 Begin Bits: [0x0000000012810000, 0x0000000014010000)
 End Bits:   [0x0000000014010000, 0x0000000015810000)

Polling page: 0x0000000001020000

CodeCache: size=245760Kb used=68912Kb max_used=69235Kb free=176847Kb
 bounds [0x0000000002b40000, 0x0000000006f50000, 0x0000000011b40000]
 total_blobs=18828 nmethods=18047 adapters=690
 compilation: enabled

Compilation events (10 events):
Event: 6301.202 Thread 0x00000000164b3000 nmethod 24373 0x0000000006849550 code [0x0000000006849740, 0x000000000684a458]
Event: 6301.202 Thread 0x00000000164b3000 24380       4       com.sun.org.apache.xerces.internal.parsers.XML11Configuration::addRecognizedParamsAndSetDefaults (173 bytes)
Event: 6301.205 Thread 0x00000000164ba000 nmethod 24383 0x00000000068204d0 code [0x0000000006820b80, 0x00000000068258d8]
Event: 6301.216 Thread 0x00000000164ba000 24384       3       com.google.common.collect.ImmutableListMultimap::get (6 bytes)
Event: 6301.216 Thread 0x00000000164ba000 nmethod 24384 0x000000000373cbd0 code [0x000000000373cd60, 0x000000000373d1e8]
Event: 6301.217 Thread 0x00000000164ba000 24385       3       com.google.common.collect.ImmutableListMultimap::get (24 bytes)
Event: 6301.217 Thread 0x00000000164ba000 nmethod 24385 0x000000000587c090 code [0x000000000587c220, 0x000000000587c5c8]
Event: 6301.277 Thread 0x00000000164b3000 nmethod 24380 0x00000000059f7790 code [0x00000000059f7a60, 0x00000000059f9b68]
Event: 6301.277 Thread 0x00000000164b3000 24376   !   4       com.sun.org.apache.xerces.internal.parsers.AbstractSAXParser::setFeature (552 bytes)
Event: 6301.296 Thread 0x00000000164b3000 nmethod 24376 0x0000000003fd9c10 code [0x0000000003fd9dc0, 0x0000000003fda808]

GC Heap History (10 events):
Event: 5178.534 GC heap before
{Heap before GC invocations=60 (full 11):
 PSYoungGen      total 452096K, used 1597K [0x00000000e0000000, 0x0000000100000000, 0x0000000100000000)
  eden space 389120K, 0% used [0x00000000e0000000,0x00000000e0000000,0x00000000f7c00000)
  from space 62976K, 2% used [0x00000000f7c00000,0x00000000f7d8f550,0x00000000fb980000)
  to   space 61440K, 0% used [0x00000000fc400000,0x00000000fc400000,0x0000000100000000)
 ParOldGen       total 200192K, used 43362K [0x00000000a0000000, 0x00000000ac380000, 0x00000000e0000000)
  object space 200192K, 21% used [0x00000000a0000000,0x00000000a2a58a30,0x00000000ac380000)
 Metaspace       used 85695K, capacity 89474K, committed 91136K, reserved 1128448K
  class space    used 10910K, capacity 11444K, committed 12032K, reserved 1048576K
Event: 5178.864 GC heap after
Heap after GC invocations=60 (full 11):
 PSYoungGen      total 452096K, used 0K [0x00000000e0000000, 0x0000000100000000, 0x0000000100000000)
  eden space 389120K, 0% used [0x00000000e0000000,0x00000000e0000000,0x00000000f7c00000)
  from space 62976K, 0% used [0x00000000f7c00000,0x00000000f7c00000,0x00000000fb980000)
  to   space 61440K, 0% used [0x00000000fc400000,0x00000000fc400000,0x0000000100000000)
 ParOldGen       total 200192K, used 43862K [0x00000000a0000000, 0x00000000ac380000, 0x00000000e0000000)
  object space 200192K, 21% used [0x00000000a0000000,0x00000000a2ad5ba8,0x00000000ac380000)
 Metaspace       used 85414K, capacity 89162K, committed 91136K, reserved 1128448K
  class space    used 10832K, capacity 11340K, committed 12032K, reserved 1048576K
}
Event: 5846.224 GC heap before
{Heap before GC invocations=61 (full 11):
 PSYoungGen      total 452096K, used 389120K [0x00000000e0000000, 0x0000000100000000, 0x0000000100000000)
  eden space 389120K, 100% used [0x00000000e0000000,0x00000000f7c00000,0x00000000f7c00000)
  from space 62976K, 0% used [0x00000000f7c00000,0x00000000f7c00000,0x00000000fb980000)
  to   space 61440K, 0% used [0x00000000fc400000,0x00000000fc400000,0x0000000100000000)
 ParOldGen       total 200192K, used 43862K [0x00000000a0000000, 0x00000000ac380000, 0x00000000e0000000)
  object space 200192K, 21% used [0x00000000a0000000,0x00000000a2ad5ba8,0x00000000ac380000)
 Metaspace       used 85574K, capacity 89336K, committed 91136K, reserved 1128448K
  class space    used 10847K, capacity 11356K, committed 12032K, reserved 1048576K
Event: 5846.269 GC heap after
Heap after GC invocations=61 (full 11):
 PSYoungGen      total 455680K, used 38159K [0x00000000e0000000, 0x0000000100000000, 0x0000000100000000)
  eden space 394240K, 0% used [0x00000000e0000000,0x00000000e0000000,0x00000000f8100000)
  from space 61440K, 62% used [0x00000000fc400000,0x00000000fe943ec0,0x0000000100000000)
  to   space 65024K, 0% used [0x00000000f8100000,0x00000000f8100000,0x00000000fc080000)
 ParOldGen       total 200192K, used 43870K [0x00000000a0000000, 0x00000000ac380000, 0x00000000e0000000)
  object space 200192K, 21% used [0x00000000a0000000,0x00000000a2ad7ba8,0x00000000ac380000)
 Metaspace       used 85574K, capacity 89336K, committed 91136K, reserved 1128448K
  class space    used 10847K, capacity 11356K, committed 12032K, reserved 1048576K
}
Event: 5847.269 GC heap before
{Heap before GC invocations=62 (full 11):
 PSYoungGen      total 455680K, used 431666K [0x00000000e0000000, 0x0000000100000000, 0x0000000100000000)
  eden space 394240K, 99% used [0x00000000e0000000,0x00000000f8048ca8,0x00000000f8100000)
  from space 61440K, 62% used [0x00000000fc400000,0x00000000fe943ec0,0x0000000100000000)
  to   space 65024K, 0% used [0x00000000f8100000,0x00000000f8100000,0x00000000fc080000)
 ParOldGen       total 200192K, used 43870K [0x00000000a0000000, 0x00000000ac380000, 0x00000000e0000000)
  object space 200192K, 21% used [0x00000000a0000000,0x00000000a2ad7ba8,0x00000000ac380000)
 Metaspace       used 85585K, capacity 89404K, committed 91136K, reserved 1128448K
  class space    used 10847K, capacity 11356K, committed 12032K, reserved 1048576K
Event: 5847.280 GC heap after
Heap after GC invocations=62 (full 11):
 PSYoungGen      total 409600K, used 15278K [0x00000000e0000000, 0x00000000ffb80000, 0x0000000100000000)
  eden space 394240K, 0% used [0x00000000e0000000,0x00000000e0000000,0x00000000f8100000)
  from space 15360K, 99% used [0x00000000f8100000,0x00000000f8feb868,0x00000000f9000000)
  to   space 60928K, 0% used [0x00000000fc000000,0x00000000fc000000,0x00000000ffb80000)
 ParOldGen       total 200192K, used 43870K [0x00000000a0000000, 0x00000000ac380000, 0x00000000e0000000)
  object space 200192K, 21% used [0x00000000a0000000,0x00000000a2ad7ba8,0x00000000ac380000)
 Metaspace       used 85585K, capacity 89404K, committed 91136K, reserved 1128448K
  class space    used 10847K, capacity 11356K, committed 12032K, reserved 1048576K
}
Event: 5847.499 GC heap before
{Heap before GC invocations=63 (full 11):
 PSYoungGen      total 409600K, used 278501K [0x00000000e0000000, 0x00000000ffb80000, 0x0000000100000000)
  eden space 394240K, 66% used [0x00000000e0000000,0x00000000f010dc78,0x00000000f8100000)
  from space 15360K, 99% used [0x00000000f8100000,0x00000000f8feb868,0x00000000f9000000)
  to   space 60928K, 0% used [0x00000000fc000000,0x00000000fc000000,0x00000000ffb80000)
 ParOldGen       total 200192K, used 43870K [0x00000000a0000000, 0x00000000ac380000, 0x00000000e0000000)
  object space 200192K, 21% used [0x00000000a0000000,0x00000000a2ad7ba8,0x00000000ac380000)
 Metaspace       used 85587K, capacity 89404K, committed 91136K, reserved 1128448K
  class space    used 10847K, capacity 11356K, committed 12032K, reserved 1048576K
Event: 5847.503 GC heap after
Heap after GC invocations=63 (full 11):
 PSYoungGen      total 455680K, used 864K [0x00000000e0000000, 0x00000000ff880000, 0x0000000100000000)
  eden space 397824K, 0% used [0x00000000e0000000,0x00000000e0000000,0x00000000f8480000)
  from space 57856K, 1% used [0x00000000fc000000,0x00000000fc0d8020,0x00000000ff880000)
  to   space 59392K, 0% used [0x00000000f8480000,0x00000000f8480000,0x00000000fbe80000)
 ParOldGen       total 200192K, used 43878K [0x00000000a0000000, 0x00000000ac380000, 0x00000000e0000000)
  object space 200192K, 21% used [0x00000000a0000000,0x00000000a2ad9ba8,0x00000000ac380000)
 Metaspace       used 85587K, capacity 89404K, committed 91136K, reserved 1128448K
  class space    used 10847K, capacity 11356K, committed 12032K, reserved 1048576K
}
Event: 5847.503 GC heap before
{Heap before GC invocations=64 (full 12):
 PSYoungGen      total 455680K, used 864K [0x00000000e0000000, 0x00000000ff880000, 0x0000000100000000)
  eden space 397824K, 0% used [0x00000000e0000000,0x00000000e0000000,0x00000000f8480000)
  from space 57856K, 1% used [0x00000000fc000000,0x00000000fc0d8020,0x00000000ff880000)
  to   space 59392K, 0% used [0x00000000f8480000,0x00000000f8480000,0x00000000fbe80000)
 ParOldGen       total 200192K, used 43878K [0x00000000a0000000, 0x00000000ac380000, 0x00000000e0000000)
  object space 200192K, 21% used [0x00000000a0000000,0x00000000a2ad9ba8,0x00000000ac380000)
 Metaspace       used 85587K, capacity 89404K, committed 91136K, reserved 1128448K
  class space    used 10847K, capacity 11356K, committed 12032K, reserved 1048576K
Event: 5847.778 GC heap after
Heap after GC invocations=64 (full 12):
 PSYoungGen      total 455680K, used 0K [0x00000000e0000000, 0x00000000ff880000, 0x0000000100000000)
  eden space 397824K, 0% used [0x00000000e0000000,0x00000000e0000000,0x00000000f8480000)
  from space 57856K, 0% used [0x00000000fc000000,0x00000000fc000000,0x00000000ff880000)
  to   space 59392K, 0% used [0x00000000f8480000,0x00000000f8480000,0x00000000fbe80000)
 ParOldGen       total 200192K, used 43566K [0x00000000a0000000, 0x00000000ac380000, 0x00000000e0000000)
  object space 200192K, 21% used [0x00000000a0000000,0x00000000a2a8b9e0,0x00000000ac380000)
 Metaspace       used 85580K, capacity 89394K, committed 91136K, reserved 1128448K
  class space    used 10847K, capacity 11354K, committed 12032K, reserved 1048576K
}

Deoptimization events (10 events):
Event: 5957.811 Thread 0x000000001e977000 Uncommon trap: reason=bimorphic action=maybe_recompile pc=0x00000000054684bc method=com.sun.tools.javac.code.Types.memberType(Lcom/sun/tools/javac/code/Type;Lcom/sun/tools/javac/code/Symbol;)Lcom/sun/tools/javac/code/Type; @ 1
Event: 5957.811 Thread 0x000000001e977000 Uncommon trap: reason=bimorphic action=maybe_recompile pc=0x00000000053365a0 method=com.sun.tools.javac.code.Type.map(Lcom/sun/tools/javac/util/List;Lcom/sun/tools/javac/code/Type$Mapping;)Lcom/sun/tools/javac/util/List; @ 24
Event: 5957.811 Thread 0x000000001e977000 Uncommon trap: reason=bimorphic action=maybe_recompile pc=0x00000000054684bc method=com.sun.tools.javac.code.Types.memberType(Lcom/sun/tools/javac/code/Type;Lcom/sun/tools/javac/code/Symbol;)Lcom/sun/tools/javac/code/Type; @ 1
Event: 5957.814 Thread 0x000000001e977000 Uncommon trap: reason=bimorphic action=maybe_recompile pc=0x00000000053365a0 method=com.sun.tools.javac.code.Type.map(Lcom/sun/tools/javac/util/List;Lcom/sun/tools/javac/code/Type$Mapping;)Lcom/sun/tools/javac/util/List; @ 24
Event: 5957.814 Thread 0x000000001e977000 Uncommon trap: reason=bimorphic action=maybe_recompile pc=0x0000000006ca233c method=com.sun.tools.javac.code.Symbol.isStatic()Z @ 1
Event: 5957.814 Thread 0x000000001e977000 Uncommon trap: reason=bimorphic action=maybe_recompile pc=0x00000000053365a0 method=com.sun.tools.javac.code.Type.map(Lcom/sun/tools/javac/util/List;Lcom/sun/tools/javac/code/Type$Mapping;)Lcom/sun/tools/javac/util/List; @ 24
Event: 5957.814 Thread 0x000000001e977000 Uncommon trap: reason=bimorphic action=maybe_recompile pc=0x00000000053365a0 method=com.sun.tools.javac.code.Type.map(Lcom/sun/tools/javac/util/List;Lcom/sun/tools/javac/code/Type$Mapping;)Lcom/sun/tools/javac/util/List; @ 24
Event: 5957.814 Thread 0x000000001e977000 Uncommon trap: reason=bimorphic action=maybe_recompile pc=0x0000000006ca233c method=com.sun.tools.javac.code.Symbol.isStatic()Z @ 1
Event: 5957.816 Thread 0x000000001e977000 Uncommon trap: reason=unstable_if action=reinterpret pc=0x0000000005494cc4 method=com.sun.tools.javac.jvm.Pool.put(Ljava/lang/Object;)I @ 80
Event: 5957.816 Thread 0x000000001e977000 Uncommon trap: reason=bimorphic action=maybe_recompile pc=0x0000000006813ab4 method=com.sun.tools.javac.jvm.Gen.genExpr(Lcom/sun/tools/javac/tree/JCTree;Lcom/sun/tools/javac/code/Type;)Lcom/sun/tools/javac/jvm/Items$Item; @ 20

Internal exceptions (10 events):
Event: 5954.303 Thread 0x000000001e977000 Exception <a 'sun/nio/fs/WindowsException'> (0x00000000e4d6abc8) thrown at [C:\re\workspace\8-2-build-windows-amd64-cygwin\jdk8u45\3627\hotspot\src\share\vm\prims\jni.cpp, line 709]
Event: 5954.303 Thread 0x000000001e977000 Exception <a 'sun/nio/fs/WindowsException'> (0x00000000e4d6b650) thrown at [C:\re\workspace\8-2-build-windows-amd64-cygwin\jdk8u45\3627\hotspot\src\share\vm\prims\jni.cpp, line 709]
Event: 5954.305 Thread 0x000000001e977000 Exception <a 'sun/nio/fs/WindowsException'> (0x00000000e4d6e218) thrown at [C:\re\workspace\8-2-build-windows-amd64-cygwin\jdk8u45\3627\hotspot\src\share\vm\prims\jni.cpp, line 709]
Event: 5954.305 Thread 0x000000001e977000 Exception <a 'sun/nio/fs/WindowsException'> (0x00000000e4d6eb28) thrown at [C:\re\workspace\8-2-build-windows-amd64-cygwin\jdk8u45\3627\hotspot\src\share\vm\prims\jni.cpp, line 709]
Event: 5954.305 Thread 0x000000001e977000 Exception <a 'sun/nio/fs/WindowsException'> (0x00000000e4d701b8) thrown at [C:\re\workspace\8-2-build-windows-amd64-cygwin\jdk8u45\3627\hotspot\src\share\vm\prims\jni.cpp, line 709]
Event: 5954.305 Thread 0x000000001e977000 Exception <a 'sun/nio/fs/WindowsException'> (0x00000000e4d70b00) thrown at [C:\re\workspace\8-2-build-windows-amd64-cygwin\jdk8u45\3627\hotspot\src\share\vm\prims\jni.cpp, line 709]
Event: 5957.311 Thread 0x000000001e977000 Implicit null exception at 0x000000000517974c to 0x000000000517d985
Event: 5957.523 Thread 0x000000001e977000 Implicit null exception at 0x000000000563137f to 0x0000000005633231
Event: 6299.475 Thread 0x000000001e4f2000 Exception <a 'java/lang/ClassNotFoundException': asLocalRepo857_8z6oxkvnlegdu251uzcmbybiwBeanInfo> (0x00000000ebb23070) thrown at [C:\re\workspace\8-2-build-windows-amd64-cygwin\jdk8u45\3627\hotspot\src\share\vm\classfile\systemDictionary.cpp, line 210]
Event: 6299.475 Thread 0x000000001e4f2000 Exception <a 'java/lang/ClassNotFoundException': asLocalRepo857_8z6oxkvnlegdu251uzcmbybiwCustomizer> (0x00000000ebb2c380) thrown at [C:\re\workspace\8-2-build-windows-amd64-cygwin\jdk8u45\3627\hotspot\src\share\vm\classfile\systemDictionary.cpp, line 210]

Events (10 events):
Event: 6301.120 Thread 0x00000000164ba000 flushing nmethod 0x0000000005a87d90
Event: 6301.121 Thread 0x00000000164ba000 flushing nmethod 0x0000000005b9e250
Event: 6301.121 Thread 0x00000000164ba000 flushing nmethod 0x0000000005b9e650
Event: 6301.341 Thread 0x000000001e500800 Thread added: 0x000000001e500800
Event: 6301.342 Thread 0x000000001e4ff800 Thread added: 0x000000001e4ff800
Event: 6301.385 Thread 0x000000001e4fe000 Thread added: 0x000000001e4fe000
Event: 6301.385 Thread 0x000000001e501000 Thread added: 0x000000001e501000
Event: 6301.385 Thread 0x000000001b871000 Thread added: 0x000000001b871000
Event: 6301.385 Thread 0x000000001b86e000 Thread added: 0x000000001b86e000
Event: 6301.386 Thread 0x000000001e4fe000 Thread exited: 0x000000001e4fe000


Dynamic libraries:
0x00007ff6f8e30000 - 0x00007ff6f8e67000 	C:\Program Files\Java\jdk1.8.0_45\bin\java.exe
0x00007ffdf0360000 - 0x00007ffdf050a000 	C:\Windows\SYSTEM32\ntdll.dll
0x00007ffdee610000 - 0x00007ffdee74a000 	C:\Windows\system32\KERNEL32.DLL
0x00007ffded7a0000 - 0x00007ffded8af000 	C:\Windows\system32\KERNELBASE.dll
0x00007ffdec300000 - 0x00007ffdec388000 	C:\Windows\system32\apphelp.dll
0x00007ffdd1ae0000 - 0x00007ffdd1b2f000 	C:\Windows\AppPatch\AppPatch64\AcGenral.DLL
0x00007ffdedef0000 - 0x00007ffdedf97000 	C:\Windows\system32\msvcrt.dll
0x00007ffded4b0000 - 0x00007ffded4db000 	C:\Windows\SYSTEM32\SspiCli.dll
0x00007ffdefe90000 - 0x00007ffdefee1000 	C:\Windows\system32\SHLWAPI.dll
0x00007ffdedbe0000 - 0x00007ffdedd51000 	C:\Windows\system32\USER32.dll
0x00007ffdee220000 - 0x00007ffdee398000 	C:\Windows\system32\ole32.dll
0x00007ffdeea70000 - 0x00007ffdefe87000 	C:\Windows\system32\SHELL32.dll
0x00007ffdecce0000 - 0x00007ffdeccfe000 	C:\Windows\SYSTEM32\USERENV.dll
0x00007ffdf02b0000 - 0x00007ffdf0355000 	C:\Windows\system32\ADVAPI32.dll
0x00007ffddcf70000 - 0x00007ffddcf8b000 	C:\Windows\SYSTEM32\MPR.dll
0x00007ffdee750000 - 0x00007ffdee886000 	C:\Windows\system32\RPCRT4.dll
0x00007ffdf00f0000 - 0x00007ffdf0147000 	C:\Windows\SYSTEM32\sechost.dll
0x00007ffdeff10000 - 0x00007ffdf00e6000 	C:\Windows\SYSTEM32\combase.dll
0x00007ffdee0d0000 - 0x00007ffdee215000 	C:\Windows\system32\GDI32.dll
0x00007ffded6d0000 - 0x00007ffded6e4000 	C:\Windows\SYSTEM32\profapi.dll
0x00007ffdebd30000 - 0x00007ffdebdcf000 	C:\Windows\SYSTEM32\SHCORE.dll
0x00007ffdedd60000 - 0x00007ffdedd94000 	C:\Windows\system32\IMM32.DLL
0x00007ffdeddb0000 - 0x00007ffdedee9000 	C:\Windows\system32\MSCTF.dll
0x00007ffdeb3a0000 - 0x00007ffdeb5fa000 	C:\Windows\WinSxS\amd64_microsoft.windows.common-controls_6595b64144ccf1df_6.0.9600.17031_none_6242a4b3ecbb55a1\COMCTL32.dll
0x00000000539d0000 - 0x0000000053aa2000 	C:\Program Files\Java\jdk1.8.0_45\jre\bin\msvcr100.dll
0x0000000053140000 - 0x00000000539c3000 	C:\Program Files\Java\jdk1.8.0_45\jre\bin\server\jvm.dll
0x00007ffde85b0000 - 0x00007ffde85b9000 	C:\Windows\SYSTEM32\WSOCK32.dll
0x00007ffddced0000 - 0x00007ffddceef000 	C:\Windows\SYSTEM32\WINMM.dll
0x00007ffde5410000 - 0x00007ffde541a000 	C:\Windows\SYSTEM32\VERSION.dll
0x00007ffdee0c0000 - 0x00007ffdee0c7000 	C:\Windows\system32\PSAPI.DLL
0x00007ffdee000000 - 0x00007ffdee058000 	C:\Windows\system32\WS2_32.dll
0x00007ffddce60000 - 0x00007ffddce8a000 	C:\Windows\SYSTEM32\WINMMBASE.dll
0x00007ffdf0200000 - 0x00007ffdf0209000 	C:\Windows\system32\NSI.dll
0x00007ffded8b0000 - 0x00007ffded8fa000 	C:\Windows\SYSTEM32\cfgmgr32.dll
0x00007ffdec560000 - 0x00007ffdec586000 	C:\Windows\SYSTEM32\DEVOBJ.dll
0x0000000053130000 - 0x000000005313f000 	C:\Program Files\Java\jdk1.8.0_45\jre\bin\verify.dll
0x0000000053100000 - 0x0000000053129000 	C:\Program Files\Java\jdk1.8.0_45\jre\bin\java.dll
0x00000000530e0000 - 0x00000000530f6000 	C:\Program Files\Java\jdk1.8.0_45\jre\bin\zip.dll
0x00000000530c0000 - 0x00000000530da000 	C:\Program Files\Java\jdk1.8.0_45\jre\bin\net.dll
0x00007ffdecf30000 - 0x00007ffdecf88000 	C:\Windows\system32\mswsock.dll
0x00000000530a0000 - 0x00000000530b1000 	C:\Program Files\Java\jdk1.8.0_45\jre\bin\nio.dll
0x00007ffdd3840000 - 0x00007ffdd3852000 	C:\Users\user\.gradle\native\19\windows-amd64\native-platform.dll
0x00007ffdecf90000 - 0x00007ffdecfae000 	C:\Windows\SYSTEM32\CRYPTSP.dll
0x00007ffdecbd0000 - 0x00007ffdecc05000 	C:\Windows\system32\rsaenh.dll
0x00007ffded1c0000 - 0x00007ffded1e6000 	C:\Windows\SYSTEM32\bcrypt.dll
0x00007ffded4e0000 - 0x00007ffded540000 	C:\Windows\system32\bcryptprimitives.dll
0x00007ffded540000 - 0x00007ffded54a000 	C:\Windows\SYSTEM32\CRYPTBASE.dll
0x00007ffde7ac0000 - 0x00007ffde7ae9000 	C:\Windows\SYSTEM32\IPHLPAPI.DLL
0x00007ffde7aa0000 - 0x00007ffde7aaa000 	C:\Windows\SYSTEM32\WINNSI.DLL
0x00007ffde7590000 - 0x00007ffde75a4000 	C:\Windows\SYSTEM32\dhcpcsvc6.DLL
0x00007ffde7740000 - 0x00007ffde7759000 	C:\Windows\SYSTEM32\dhcpcsvc.DLL
0x0000000053090000 - 0x000000005309d000 	C:\Program Files\Java\jdk1.8.0_45\jre\bin\management.dll
0x00007ffde62d0000 - 0x00007ffde6300000 	C:\Windows\SYSTEM32\ntmarta.dll
0x00007ffde50b0000 - 0x00007ffde5238000 	C:\Windows\SYSTEM32\dbghelp.dll

VM Arguments:
jvm_args: -Xmx1536m -Dfile.encoding=windows-1252 -Duser.country=US -Duser.language=en -Duser.variant 
java_command: org.gradle.launcher.daemon.bootstrap.GradleDaemon 2.14.1
java_class_path (initial): F:\Programs\Android\Android Studio\gradle\gradle-2.14.1\lib\gradle-launcher-2.14.1.jar
Launcher Type: SUN_STANDARD

Environment Variables:
PATH=E:\Program\oraclexe\app\oracle\product\11.2.0\server\bin;;C:\Program Files\ImageMagick-6.9.1-Q16;C:\ProgramData\Oracle\Java\javapath;C:\Program Files (x86)\Intel\iCLS Client\;C:\Program Files\Intel\iCLS Client\;C:\Program Files (x86)\Common Files\ArcSoft\Bin;C:\Windows\system32;C:\Windows;C:\Windows\System32\Wbem;C:\Windows\System32\WindowsPowerShell\v1.0\;C:\Program Files (x86)\Intel\OpenCL SDK\3.0\bin\x86;C:\Program Files (x86)\Intel\OpenCL SDK\3.0\bin\x64;C:\Program Files\Intel\Intel(R) Management Engine Components\DAL;C:\Program Files\Intel\Intel(R) Management Engine Components\IPT;C:\Program Files (x86)\Intel\Intel(R) Management Engine Components\DAL;C:\Program Files (x86)\Intel\Intel(R) Management Engine Components\IPT;C:\Program Files (x86)\Common Files\lenovo\easyplussdk\bin;C:\Program Files (x86)\GtkSharp\2.12\bin;C:\Program Files\Microsoft\Web Platform Installer\;C:\Program Files (x86)\Skype\Phone\;F:\xampp\php;C:\Windows\system32\config\systemprofile\.dnx\bin;C:\Program Files\Microsoft DNX\Dnvm\;C:\Program Files (x86)\Windows Kits\8.1\Windows Performance Toolkit\;C:\Users\user\AppData\Local\atom\bin;C:\MinGW\bin;H:\VS Code\Microsoft VS Code\bin
USERNAME=mbSoft
OS=Windows_NT
PROCESSOR_IDENTIFIER=Intel64 Family 6 Model 60 Stepping 3, GenuineIntel



---------------  S Y S T E M  ---------------

OS: Windows 8.1 , 64 bit Build 9600 (6.3.9600.17056)

CPU:total 4 (2 cores per cpu, 2 threads per core) family 6 model 60 stepping 3, cmov, cx8, fxsr, mmx, sse, sse2, sse3, ssse3, sse4.1, sse4.2, popcnt, avx, avx2, aes, clmul, erms, lzcnt, ht, tsc, tscinvbit, bmi1, bmi2

Memory: 4k page, physical 8286548k(847180k free), swap 9335124k(6672k free)

vm_info: Java HotSpot(TM) 64-Bit Server VM (25.45-b02) for windows-amd64 JRE (1.8.0_45-b15), built on Apr 30 2015 12:40:44 by "java_re" with MS VC++ 10.0 (VS2010)

time: Tue Oct 18 22:09:22 2016
elapsed time: 6301 seconds (0d 1h 45m 1s)

